This is pdfTeX, Version 3.141592653-2.6-1.40.24 (MiKTeX 21.12) (preloaded format=pdflatex 2022.2.22)  28 MAR 2022 15:55
entering extended mode
 restricted \write18 enabled.
 %&-line parsing enabled.
**./PHS_presentation.tex
(PHS_presentation.tex
LaTeX2e <2021-11-15> patch level 1
L3 programming layer <2021-11-22>
(C:\Users\yeehil01\AppData\Local\Programs\MiKTeX\tex/latex/beamer\beamer.cls
Document Class: beamer 2022/02/08 v3.66 A class for typesetting presentations

(C:\Users\yeehil01\AppData\Local\Programs\MiKTeX\tex/latex/beamer\beamerbasemod
es.sty
(C:\Users\yeehil01\AppData\Local\Programs\MiKTeX\tex/latex/etoolbox\etoolbox.st
y
Package: etoolbox 2020/10/05 v2.5k e-TeX tools for LaTeX (JAW)
\etb@tempcnta=\count183
)
\beamer@tempbox=\box50
\beamer@tempcount=\count184
\c@beamerpauses=\count185

(C:\Users\yeehil01\AppData\Local\Programs\MiKTeX\tex/latex/beamer\beamerbasedec
ode.sty
\beamer@slideinframe=\count186
\beamer@minimum=\count187
\beamer@decode@box=\box51
)
\beamer@commentbox=\box52
\beamer@modecount=\count188
)
(C:\Users\yeehil01\AppData\Local\Programs\MiKTeX\tex/generic/iftex\iftex.sty
Package: iftex 2020/03/06 v1.0d TeX engine tests
)
\headdp=\dimen138
\footheight=\dimen139
\sidebarheight=\dimen140
\beamer@tempdim=\dimen141
\beamer@finalheight=\dimen142
\beamer@animht=\dimen143
\beamer@animdp=\dimen144
\beamer@animwd=\dimen145
\beamer@leftmargin=\dimen146
\beamer@rightmargin=\dimen147
\beamer@leftsidebar=\dimen148
\beamer@rightsidebar=\dimen149
\beamer@boxsize=\dimen150
\beamer@vboxoffset=\dimen151
\beamer@descdefault=\dimen152
\beamer@descriptionwidth=\dimen153
\beamer@lastskip=\skip47
\beamer@areabox=\box53
\beamer@animcurrent=\box54
\beamer@animshowbox=\box55
\beamer@sectionbox=\box56
\beamer@logobox=\box57
\beamer@linebox=\box58
\beamer@sectioncount=\count189
\beamer@subsubsectionmax=\count190
\beamer@subsectionmax=\count191
\beamer@sectionmax=\count192
\beamer@totalheads=\count193
\beamer@headcounter=\count194
\beamer@partstartpage=\count195
\beamer@sectionstartpage=\count196
\beamer@subsectionstartpage=\count197
\beamer@animationtempa=\count198
\beamer@animationtempb=\count199
\beamer@xpos=\count266
\beamer@ypos=\count267
\beamer@ypos@offset=\count268
\beamer@showpartnumber=\count269
\beamer@currentsubsection=\count270
\beamer@coveringdepth=\count271
\beamer@sectionadjust=\count272
\beamer@toclastsection=\count273
\beamer@tocsectionnumber=\count274

(C:\Users\yeehil01\AppData\Local\Programs\MiKTeX\tex/latex/beamer\beamerbaseopt
ions.sty
(C:\Users\yeehil01\AppData\Local\Programs\MiKTeX\tex/latex/graphics\keyval.sty
Package: keyval 2014/10/28 v1.15 key=value parser (DPC)
\KV@toks@=\toks16
))
\beamer@paperwidth=\skip48
\beamer@paperheight=\skip49

(C:\Users\yeehil01\AppData\Local\Programs\MiKTeX\tex/latex/geometry\geometry.st
y
Package: geometry 2020/01/02 v5.9 Page Geometry
 (C:\Users\yeehil01\AppData\Local\Programs\MiKTeX\tex/generic/iftex\ifvtex.sty
Package: ifvtex 2019/10/25 v1.7 ifvtex legacy package. Use iftex instead.
)
\Gm@cnth=\count275
\Gm@cntv=\count276
\c@Gm@tempcnt=\count277
\Gm@bindingoffset=\dimen154
\Gm@wd@mp=\dimen155
\Gm@odd@mp=\dimen156
\Gm@even@mp=\dimen157
\Gm@layoutwidth=\dimen158
\Gm@layoutheight=\dimen159
\Gm@layouthoffset=\dimen160
\Gm@layoutvoffset=\dimen161
\Gm@dimlist=\toks17

(C:\Users\yeehil01\AppData\Local\Programs\MiKTeX\tex/latex/geometry\geometry.cf
g))
(C:\Users\yeehil01\AppData\Local\Programs\MiKTeX\tex/latex/pgf/math\pgfmath.sty

(C:\Users\yeehil01\AppData\Local\Programs\MiKTeX\tex/latex/pgf/utilities\pgfrcs
.sty
(C:\Users\yeehil01\AppData\Local\Programs\MiKTeX\tex/generic/pgf/utilities\pgfu
til-common.tex
\pgfutil@everybye=\toks18
\pgfutil@tempdima=\dimen162
\pgfutil@tempdimb=\dimen163

(C:\Users\yeehil01\AppData\Local\Programs\MiKTeX\tex/generic/pgf/utilities\pgfu
til-common-lists.tex))
(C:\Users\yeehil01\AppData\Local\Programs\MiKTeX\tex/generic/pgf/utilities\pgfu
til-latex.def
\pgfutil@abb=\box59
)
(C:\Users\yeehil01\AppData\Local\Programs\MiKTeX\tex/generic/pgf/utilities\pgfr
cs.code.tex
(C:\Users\yeehil01\AppData\Local\Programs\MiKTeX\tex/generic/pgf\pgf.revision.t
ex)
Package: pgfrcs 2021/05/15 v3.1.9a (3.1.9a)
))
(C:\Users\yeehil01\AppData\Local\Programs\MiKTeX\tex/latex/pgf/utilities\pgfkey
s.sty
(C:\Users\yeehil01\AppData\Local\Programs\MiKTeX\tex/generic/pgf/utilities\pgfk
eys.code.tex
\pgfkeys@pathtoks=\toks19
\pgfkeys@temptoks=\toks20

(C:\Users\yeehil01\AppData\Local\Programs\MiKTeX\tex/generic/pgf/utilities\pgfk
eysfiltered.code.tex
\pgfkeys@tmptoks=\toks21
)))
(C:\Users\yeehil01\AppData\Local\Programs\MiKTeX\tex/generic/pgf/math\pgfmath.c
ode.tex
(C:\Users\yeehil01\AppData\Local\Programs\MiKTeX\tex/generic/pgf/math\pgfmathca
lc.code.tex
(C:\Users\yeehil01\AppData\Local\Programs\MiKTeX\tex/generic/pgf/math\pgfmathut
il.code.tex
\pgf@x=\dimen164
\pgf@xa=\dimen165
\pgf@xb=\dimen166
\pgf@xc=\dimen167
\pgf@y=\dimen168
\pgf@ya=\dimen169
\pgf@yb=\dimen170
\pgf@yc=\dimen171
\c@pgf@counta=\count278
\c@pgf@countb=\count279
\c@pgf@countc=\count280
\c@pgf@countd=\count281
)
(C:\Users\yeehil01\AppData\Local\Programs\MiKTeX\tex/generic/pgf/math\pgfmathpa
rser.code.tex
\pgfmath@dimen=\dimen172
\pgfmath@count=\count282
\pgfmath@box=\box60
\pgfmath@toks=\toks22
\pgfmath@stack@operand=\toks23
\pgfmath@stack@operation=\toks24
)
(C:\Users\yeehil01\AppData\Local\Programs\MiKTeX\tex/generic/pgf/math\pgfmathfu
nctions.code.tex
(C:\Users\yeehil01\AppData\Local\Programs\MiKTeX\tex/generic/pgf/math\pgfmathfu
nctions.basic.code.tex)
(C:\Users\yeehil01\AppData\Local\Programs\MiKTeX\tex/generic/pgf/math\pgfmathfu
nctions.trigonometric.code.tex)
(C:\Users\yeehil01\AppData\Local\Programs\MiKTeX\tex/generic/pgf/math\pgfmathfu
nctions.random.code.tex)
(C:\Users\yeehil01\AppData\Local\Programs\MiKTeX\tex/generic/pgf/math\pgfmathfu
nctions.comparison.code.tex)
(C:\Users\yeehil01\AppData\Local\Programs\MiKTeX\tex/generic/pgf/math\pgfmathfu
nctions.base.code.tex)
(C:\Users\yeehil01\AppData\Local\Programs\MiKTeX\tex/generic/pgf/math\pgfmathfu
nctions.round.code.tex)
(C:\Users\yeehil01\AppData\Local\Programs\MiKTeX\tex/generic/pgf/math\pgfmathfu
nctions.misc.code.tex)
(C:\Users\yeehil01\AppData\Local\Programs\MiKTeX\tex/generic/pgf/math\pgfmathfu
nctions.integerarithmetics.code.tex)))
(C:\Users\yeehil01\AppData\Local\Programs\MiKTeX\tex/generic/pgf/math\pgfmathfl
oat.code.tex
\c@pgfmathroundto@lastzeros=\count283
)))
(C:\Users\yeehil01\AppData\Local\Programs\MiKTeX\tex/latex/base\size11.clo
File: size11.clo 2021/10/04 v1.4n Standard LaTeX file (size option)
)
(C:\Users\yeehil01\AppData\Local\Programs\MiKTeX\tex/latex/pgf/basiclayer\pgfco
re.sty
(C:\Users\yeehil01\AppData\Local\Programs\MiKTeX\tex/latex/graphics\graphicx.st
y
Package: graphicx 2021/09/16 v1.2d Enhanced LaTeX Graphics (DPC,SPQR)

(C:\Users\yeehil01\AppData\Local\Programs\MiKTeX\tex/latex/graphics\graphics.st
y
Package: graphics 2021/03/04 v1.4d Standard LaTeX Graphics (DPC,SPQR)
 (C:\Users\yeehil01\AppData\Local\Programs\MiKTeX\tex/latex/graphics\trig.sty
Package: trig 2021/08/11 v1.11 sin cos tan (DPC)
)
(C:\Users\yeehil01\AppData\Local\Programs\MiKTeX\tex/latex/graphics-cfg\graphic
s.cfg
File: graphics.cfg 2016/06/04 v1.11 sample graphics configuration
)
Package graphics Info: Driver file: pdftex.def on input line 107.

(C:\Users\yeehil01\AppData\Local\Programs\MiKTeX\tex/latex/graphics-def\pdftex.
def
File: pdftex.def 2020/10/05 v1.2a Graphics/color driver for pdftex
))
\Gin@req@height=\dimen173
\Gin@req@width=\dimen174
)
(C:\Users\yeehil01\AppData\Local\Programs\MiKTeX\tex/latex/pgf/systemlayer\pgfs
ys.sty
(C:\Users\yeehil01\AppData\Local\Programs\MiKTeX\tex/generic/pgf/systemlayer\pg
fsys.code.tex
Package: pgfsys 2021/05/15 v3.1.9a (3.1.9a)

(C:\Users\yeehil01\AppData\Local\Programs\MiKTeX\tex/generic/pgf/utilities\pgfk
eys.code.tex)
\pgf@x=\dimen175
\pgf@y=\dimen176
\pgf@xa=\dimen177
\pgf@ya=\dimen178
\pgf@xb=\dimen179
\pgf@yb=\dimen180
\pgf@xc=\dimen181
\pgf@yc=\dimen182
\pgf@xd=\dimen183
\pgf@yd=\dimen184
\w@pgf@writea=\write3
\r@pgf@reada=\read2
\c@pgf@counta=\count284
\c@pgf@countb=\count285
\c@pgf@countc=\count286
\c@pgf@countd=\count287
\t@pgf@toka=\toks25
\t@pgf@tokb=\toks26
\t@pgf@tokc=\toks27
\pgf@sys@id@count=\count288

(C:\Users\yeehil01\AppData\Local\Programs\MiKTeX\tex/generic/pgf/systemlayer\pg
f.cfg
File: pgf.cfg 2021/05/15 v3.1.9a (3.1.9a)
)
Driver file for pgf: pgfsys-pdftex.def

(C:\Users\yeehil01\AppData\Local\Programs\MiKTeX\tex/generic/pgf/systemlayer\pg
fsys-pdftex.def
File: pgfsys-pdftex.def 2021/05/15 v3.1.9a (3.1.9a)

(C:\Users\yeehil01\AppData\Local\Programs\MiKTeX\tex/generic/pgf/systemlayer\pg
fsys-common-pdf.def
File: pgfsys-common-pdf.def 2021/05/15 v3.1.9a (3.1.9a)
)))
(C:\Users\yeehil01\AppData\Local\Programs\MiKTeX\tex/generic/pgf/systemlayer\pg
fsyssoftpath.code.tex
File: pgfsyssoftpath.code.tex 2021/05/15 v3.1.9a (3.1.9a)
\pgfsyssoftpath@smallbuffer@items=\count289
\pgfsyssoftpath@bigbuffer@items=\count290
)
(C:\Users\yeehil01\AppData\Local\Programs\MiKTeX\tex/generic/pgf/systemlayer\pg
fsysprotocol.code.tex
File: pgfsysprotocol.code.tex 2021/05/15 v3.1.9a (3.1.9a)
))
(C:\Users\yeehil01\AppData\Local\Programs\MiKTeX\tex/latex/xcolor\xcolor.sty
Package: xcolor 2021/10/31 v2.13 LaTeX color extensions (UK)

(C:\Users\yeehil01\AppData\Local\Programs\MiKTeX\tex/latex/graphics-cfg\color.c
fg
File: color.cfg 2016/01/02 v1.6 sample color configuration
)
Package xcolor Info: Driver file: pdftex.def on input line 227.
Package xcolor Info: Model `cmy' substituted by `cmy0' on input line 1352.
Package xcolor Info: Model `hsb' substituted by `rgb' on input line 1356.
Package xcolor Info: Model `RGB' extended on input line 1368.
Package xcolor Info: Model `HTML' substituted by `rgb' on input line 1370.
Package xcolor Info: Model `Hsb' substituted by `hsb' on input line 1371.
Package xcolor Info: Model `tHsb' substituted by `hsb' on input line 1372.
Package xcolor Info: Model `HSB' substituted by `hsb' on input line 1373.
Package xcolor Info: Model `Gray' substituted by `gray' on input line 1374.
Package xcolor Info: Model `wave' substituted by `hsb' on input line 1375.
)
(C:\Users\yeehil01\AppData\Local\Programs\MiKTeX\tex/generic/pgf/basiclayer\pgf
core.code.tex
Package: pgfcore 2021/05/15 v3.1.9a (3.1.9a)

(C:\Users\yeehil01\AppData\Local\Programs\MiKTeX\tex/generic/pgf/math\pgfmath.c
ode.tex)
(C:\Users\yeehil01\AppData\Local\Programs\MiKTeX\tex/generic/pgf/math\pgfint.co
de.tex)
(C:\Users\yeehil01\AppData\Local\Programs\MiKTeX\tex/generic/pgf/basiclayer\pgf
corepoints.code.tex
File: pgfcorepoints.code.tex 2021/05/15 v3.1.9a (3.1.9a)
\pgf@picminx=\dimen185
\pgf@picmaxx=\dimen186
\pgf@picminy=\dimen187
\pgf@picmaxy=\dimen188
\pgf@pathminx=\dimen189
\pgf@pathmaxx=\dimen190
\pgf@pathminy=\dimen191
\pgf@pathmaxy=\dimen192
\pgf@xx=\dimen193
\pgf@xy=\dimen194
\pgf@yx=\dimen195
\pgf@yy=\dimen196
\pgf@zx=\dimen197
\pgf@zy=\dimen198
)
(C:\Users\yeehil01\AppData\Local\Programs\MiKTeX\tex/generic/pgf/basiclayer\pgf
corepathconstruct.code.tex
File: pgfcorepathconstruct.code.tex 2021/05/15 v3.1.9a (3.1.9a)
\pgf@path@lastx=\dimen199
\pgf@path@lasty=\dimen256
)
(C:\Users\yeehil01\AppData\Local\Programs\MiKTeX\tex/generic/pgf/basiclayer\pgf
corepathusage.code.tex
File: pgfcorepathusage.code.tex 2021/05/15 v3.1.9a (3.1.9a)
\pgf@shorten@end@additional=\dimen257
\pgf@shorten@start@additional=\dimen258
)
(C:\Users\yeehil01\AppData\Local\Programs\MiKTeX\tex/generic/pgf/basiclayer\pgf
corescopes.code.tex
File: pgfcorescopes.code.tex 2021/05/15 v3.1.9a (3.1.9a)
\pgfpic=\box61
\pgf@hbox=\box62
\pgf@layerbox@main=\box63
\pgf@picture@serial@count=\count291
)
(C:\Users\yeehil01\AppData\Local\Programs\MiKTeX\tex/generic/pgf/basiclayer\pgf
coregraphicstate.code.tex
File: pgfcoregraphicstate.code.tex 2021/05/15 v3.1.9a (3.1.9a)
\pgflinewidth=\dimen259
)
(C:\Users\yeehil01\AppData\Local\Programs\MiKTeX\tex/generic/pgf/basiclayer\pgf
coretransformations.code.tex
File: pgfcoretransformations.code.tex 2021/05/15 v3.1.9a (3.1.9a)
\pgf@pt@x=\dimen260
\pgf@pt@y=\dimen261
\pgf@pt@temp=\dimen262
)
(C:\Users\yeehil01\AppData\Local\Programs\MiKTeX\tex/generic/pgf/basiclayer\pgf
corequick.code.tex
File: pgfcorequick.code.tex 2021/05/15 v3.1.9a (3.1.9a)
)
(C:\Users\yeehil01\AppData\Local\Programs\MiKTeX\tex/generic/pgf/basiclayer\pgf
coreobjects.code.tex
File: pgfcoreobjects.code.tex 2021/05/15 v3.1.9a (3.1.9a)
)
(C:\Users\yeehil01\AppData\Local\Programs\MiKTeX\tex/generic/pgf/basiclayer\pgf
corepathprocessing.code.tex
File: pgfcorepathprocessing.code.tex 2021/05/15 v3.1.9a (3.1.9a)
)
(C:\Users\yeehil01\AppData\Local\Programs\MiKTeX\tex/generic/pgf/basiclayer\pgf
corearrows.code.tex
File: pgfcorearrows.code.tex 2021/05/15 v3.1.9a (3.1.9a)
\pgfarrowsep=\dimen263
)
(C:\Users\yeehil01\AppData\Local\Programs\MiKTeX\tex/generic/pgf/basiclayer\pgf
coreshade.code.tex
File: pgfcoreshade.code.tex 2021/05/15 v3.1.9a (3.1.9a)
\pgf@max=\dimen264
\pgf@sys@shading@range@num=\count292
\pgf@shadingcount=\count293
)
(C:\Users\yeehil01\AppData\Local\Programs\MiKTeX\tex/generic/pgf/basiclayer\pgf
coreimage.code.tex
File: pgfcoreimage.code.tex 2021/05/15 v3.1.9a (3.1.9a)

(C:\Users\yeehil01\AppData\Local\Programs\MiKTeX\tex/generic/pgf/basiclayer\pgf
coreexternal.code.tex
File: pgfcoreexternal.code.tex 2021/05/15 v3.1.9a (3.1.9a)
\pgfexternal@startupbox=\box64
))
(C:\Users\yeehil01\AppData\Local\Programs\MiKTeX\tex/generic/pgf/basiclayer\pgf
corelayers.code.tex
File: pgfcorelayers.code.tex 2021/05/15 v3.1.9a (3.1.9a)
)
(C:\Users\yeehil01\AppData\Local\Programs\MiKTeX\tex/generic/pgf/basiclayer\pgf
coretransparency.code.tex
File: pgfcoretransparency.code.tex 2021/05/15 v3.1.9a (3.1.9a)
)
(C:\Users\yeehil01\AppData\Local\Programs\MiKTeX\tex/generic/pgf/basiclayer\pgf
corepatterns.code.tex
File: pgfcorepatterns.code.tex 2021/05/15 v3.1.9a (3.1.9a)
)
(C:\Users\yeehil01\AppData\Local\Programs\MiKTeX\tex/generic/pgf/basiclayer\pgf
corerdf.code.tex
File: pgfcorerdf.code.tex 2021/05/15 v3.1.9a (3.1.9a)
)))
(C:\Users\yeehil01\AppData\Local\Programs\MiKTeX\tex/latex/pgf/utilities\xxcolo
r.sty
Package: xxcolor 2003/10/24 ver 0.1
\XC@nummixins=\count294
\XC@countmixins=\count295
)
(C:\Users\yeehil01\AppData\Local\Programs\MiKTeX\tex/latex/base\atbegshi-ltx.st
y
Package: atbegshi-ltx 2021/01/10 v1.0c Emulation of the original atbegshi
package with kernel methods
)
(C:\Users\yeehil01\AppData\Local\Programs\MiKTeX\tex/latex/hyperref\hyperref.st
y
Package: hyperref 2021-06-07 v7.00m Hypertext links for LaTeX

(C:\Users\yeehil01\AppData\Local\Programs\MiKTeX\tex/generic/ltxcmds\ltxcmds.st
y
Package: ltxcmds 2020-05-10 v1.25 LaTeX kernel commands for general use (HO)
)
(C:\Users\yeehil01\AppData\Local\Programs\MiKTeX\tex/generic/pdftexcmds\pdftexc
mds.sty
Package: pdftexcmds 2020-06-27 v0.33 Utility functions of pdfTeX for LuaTeX (HO
)

(C:\Users\yeehil01\AppData\Local\Programs\MiKTeX\tex/generic/infwarerr\infwarer
r.sty
Package: infwarerr 2019/12/03 v1.5 Providing info/warning/error messages (HO)
)
Package pdftexcmds Info: \pdf@primitive is available.
Package pdftexcmds Info: \pdf@ifprimitive is available.
Package pdftexcmds Info: \pdfdraftmode found.
)
(C:\Users\yeehil01\AppData\Local\Programs\MiKTeX\tex/generic/kvsetkeys\kvsetkey
s.sty
Package: kvsetkeys 2019/12/15 v1.18 Key value parser (HO)
)
(C:\Users\yeehil01\AppData\Local\Programs\MiKTeX\tex/generic/kvdefinekeys\kvdef
inekeys.sty
Package: kvdefinekeys 2019-12-19 v1.6 Define keys (HO)
)
(C:\Users\yeehil01\AppData\Local\Programs\MiKTeX\tex/generic/pdfescape\pdfescap
e.sty
Package: pdfescape 2019/12/09 v1.15 Implements pdfTeX's escape features (HO)
)
(C:\Users\yeehil01\AppData\Local\Programs\MiKTeX\tex/latex/hycolor\hycolor.sty
Package: hycolor 2020-01-27 v1.10 Color options for hyperref/bookmark (HO)
)
(C:\Users\yeehil01\AppData\Local\Programs\MiKTeX\tex/latex/letltxmacro\letltxma
cro.sty
Package: letltxmacro 2019/12/03 v1.6 Let assignment for LaTeX macros (HO)
)
(C:\Users\yeehil01\AppData\Local\Programs\MiKTeX\tex/latex/auxhook\auxhook.sty
Package: auxhook 2019-12-17 v1.6 Hooks for auxiliary files (HO)
)
(C:\Users\yeehil01\AppData\Local\Programs\MiKTeX\tex/latex/kvoptions\kvoptions.
sty
Package: kvoptions 2020-10-07 v3.14 Key value format for package options (HO)
)
\@linkdim=\dimen265
\Hy@linkcounter=\count296
\Hy@pagecounter=\count297

(C:\Users\yeehil01\AppData\Local\Programs\MiKTeX\tex/latex/hyperref\pd1enc.def
File: pd1enc.def 2021-06-07 v7.00m Hyperref: PDFDocEncoding definition (HO)
Now handling font encoding PD1 ...
... no UTF-8 mapping file for font encoding PD1
)
(C:\Users\yeehil01\AppData\Local\Programs\MiKTeX\tex/latex/hyperref\hyperref-la
ngpatches.def
File: hyperref-langpatches.def 2021-06-07 v7.00m Hyperref: patches for babel la
nguages
)
(C:\Users\yeehil01\AppData\Local\Programs\MiKTeX\tex/generic/intcalc\intcalc.st
y
Package: intcalc 2019/12/15 v1.3 Expandable calculations with integers (HO)
)
(C:\Users\yeehil01\AppData\Local\Programs\MiKTeX\tex/generic/etexcmds\etexcmds.
sty
Package: etexcmds 2019/12/15 v1.7 Avoid name clashes with e-TeX commands (HO)
)
\Hy@SavedSpaceFactor=\count298

(C:\Users\yeehil01\AppData\Local\Programs\MiKTeX\tex/latex/hyperref\puenc.def
File: puenc.def 2021-06-07 v7.00m Hyperref: PDF Unicode definition (HO)
Now handling font encoding PU ...
... no UTF-8 mapping file for font encoding PU
)
Package hyperref Info: Option `bookmarks' set `true' on input line 4073.
Package hyperref Info: Option `bookmarksopen' set `true' on input line 4073.
Package hyperref Info: Option `breaklinks' set `true' on input line 4073.
Package hyperref Info: Option `colorlinks' set `true' on input line 4073.
Package hyperref Info: Option `implicit' set `false' on input line 4073.
Package hyperref Info: Hyper figures OFF on input line 4192.
Package hyperref Info: Link nesting OFF on input line 4197.
Package hyperref Info: Hyper index ON on input line 4200.
Package hyperref Info: Plain pages OFF on input line 4207.
Package hyperref Info: Backreferencing OFF on input line 4212.
Package hyperref Info: Implicit mode OFF; no redefinition of LaTeX internals.
Package hyperref Info: Bookmarks ON on input line 4445.
\c@Hy@tempcnt=\count299

(C:\Users\yeehil01\AppData\Local\Programs\MiKTeX\tex/latex/url\url.sty
\Urlmuskip=\muskip16
Package: url 2013/09/16  ver 3.4  Verb mode for urls, etc.
)
LaTeX Info: Redefining \url on input line 4804.
\XeTeXLinkMargin=\dimen266

(C:\Users\yeehil01\AppData\Local\Programs\MiKTeX\tex/generic/bitset\bitset.sty
Package: bitset 2019/12/09 v1.3 Handle bit-vector datatype (HO)

(C:\Users\yeehil01\AppData\Local\Programs\MiKTeX\tex/generic/bigintcalc\bigintc
alc.sty
Package: bigintcalc 2019/12/15 v1.5 Expandable calculations on big integers (HO
)
))
\Fld@menulength=\count300
\Field@Width=\dimen267
\Fld@charsize=\dimen268
Package hyperref Info: Hyper figures OFF on input line 6076.
Package hyperref Info: Link nesting OFF on input line 6081.
Package hyperref Info: Hyper index ON on input line 6084.
Package hyperref Info: backreferencing OFF on input line 6091.
Package hyperref Info: Link coloring ON on input line 6094.
Package hyperref Info: Link coloring with OCG OFF on input line 6101.
Package hyperref Info: PDF/A mode OFF on input line 6106.
LaTeX Info: Redefining \ref on input line 6146.
LaTeX Info: Redefining \pageref on input line 6150.
\Hy@abspage=\count301


Package hyperref Message: Stopped early.

)
Package hyperref Info: Driver (autodetected): hpdftex.

(C:\Users\yeehil01\AppData\Local\Programs\MiKTeX\tex/latex/hyperref\hpdftex.def
File: hpdftex.def 2021-06-07 v7.00m Hyperref driver for pdfTeX

(C:\Users\yeehil01\AppData\Local\Programs\MiKTeX\tex/latex/base\atveryend-ltx.s
ty
Package: atveryend-ltx 2020/08/19 v1.0a Emulation of the original atveryend pac
kage
with kernel methods
)
\Fld@listcount=\count302
\c@bookmark@seq@number=\count303

(C:\Users\yeehil01\AppData\Local\Programs\MiKTeX\tex/latex/rerunfilecheck\rerun
filecheck.sty
Package: rerunfilecheck 2019/12/05 v1.9 Rerun checks for auxiliary files (HO)

(C:\Users\yeehil01\AppData\Local\Programs\MiKTeX\tex/generic/uniquecounter\uniq
uecounter.sty
Package: uniquecounter 2019/12/15 v1.4 Provide unlimited unique counter (HO)
)
Package uniquecounter Info: New unique counter `rerunfilecheck' on input line 2
86.
))
(C:\Users\yeehil01\AppData\Local\Programs\MiKTeX\tex/latex/beamer\beamerbasereq
uires.sty
(C:\Users\yeehil01\AppData\Local\Programs\MiKTeX\tex/latex/beamer\beamerbasecom
patibility.sty)
(C:\Users\yeehil01\AppData\Local\Programs\MiKTeX\tex/latex/beamer\beamerbasefon
t.sty
(C:\Users\yeehil01\AppData\Local\Programs\MiKTeX\tex/latex/amsfonts\amssymb.sty
Package: amssymb 2013/01/14 v3.01 AMS font symbols

(C:\Users\yeehil01\AppData\Local\Programs\MiKTeX\tex/latex/amsfonts\amsfonts.st
y
Package: amsfonts 2013/01/14 v3.01 Basic AMSFonts support
\@emptytoks=\toks28
\symAMSa=\mathgroup4
\symAMSb=\mathgroup5
LaTeX Font Info:    Redeclaring math symbol \hbar on input line 98.
LaTeX Font Info:    Overwriting math alphabet `\mathfrak' in version `bold'
(Font)                  U/euf/m/n --> U/euf/b/n on input line 106.
))
(C:\Users\yeehil01\AppData\Local\Programs\MiKTeX\tex/latex/sansmathaccent\sansm
athaccent.sty
Package: sansmathaccent 2020/01/31

(C:\Users\yeehil01\AppData\Local\Programs\MiKTeX\tex/latex/koma-script\scrlfile
.sty
Package: scrlfile 2021/11/13 v3.35 KOMA-Script package (file load hooks)

(C:\Users\yeehil01\AppData\Local\Programs\MiKTeX\tex/latex/koma-script\scrlfile
-hook.sty
Package: scrlfile-hook 2021/11/13 v3.35 KOMA-Script package (using LaTeX hooks)


(C:\Users\yeehil01\AppData\Local\Programs\MiKTeX\tex/latex/koma-script\scrlogo.
sty
Package: scrlogo 2021/11/13 v3.35 KOMA-Script package (logo)
)))))
(C:\Users\yeehil01\AppData\Local\Programs\MiKTeX\tex/latex/beamer\beamerbasetra
nslator.sty
(C:\Users\yeehil01\AppData\Local\Programs\MiKTeX\tex/latex/translator\translato
r.sty
Package: translator 2021-05-31 v1.12d Easy translation of strings in LaTeX
))
(C:\Users\yeehil01\AppData\Local\Programs\MiKTeX\tex/latex/beamer\beamerbasemis
c.sty)
(C:\Users\yeehil01\AppData\Local\Programs\MiKTeX\tex/latex/beamer\beamerbasetwo
screens.sty)
(C:\Users\yeehil01\AppData\Local\Programs\MiKTeX\tex/latex/beamer\beamerbaseove
rlay.sty
\beamer@argscount=\count304
\beamer@lastskipcover=\skip50
\beamer@trivlistdepth=\count305
)
(C:\Users\yeehil01\AppData\Local\Programs\MiKTeX\tex/latex/beamer\beamerbasetit
le.sty)
(C:\Users\yeehil01\AppData\Local\Programs\MiKTeX\tex/latex/beamer\beamerbasesec
tion.sty
\c@lecture=\count306
\c@part=\count307
\c@section=\count308
\c@subsection=\count309
\c@subsubsection=\count310
)
(C:\Users\yeehil01\AppData\Local\Programs\MiKTeX\tex/latex/beamer\beamerbasefra
me.sty
\beamer@framebox=\box65
\beamer@frametitlebox=\box66
\beamer@zoombox=\box67
\beamer@zoomcount=\count311
\beamer@zoomframecount=\count312
\beamer@frametextheight=\dimen269
\c@subsectionslide=\count313
\beamer@frametopskip=\skip51
\beamer@framebottomskip=\skip52
\beamer@frametopskipautobreak=\skip53
\beamer@framebottomskipautobreak=\skip54
\beamer@envbody=\toks29
\framewidth=\dimen270
\c@framenumber=\count314
)
(C:\Users\yeehil01\AppData\Local\Programs\MiKTeX\tex/latex/beamer\beamerbasever
batim.sty
\beamer@verbatimfileout=\write4
)
(C:\Users\yeehil01\AppData\Local\Programs\MiKTeX\tex/latex/beamer\beamerbasefra
mesize.sty
\beamer@splitbox=\box68
\beamer@autobreakcount=\count315
\beamer@autobreaklastheight=\dimen271
\beamer@frametitletoks=\toks30
\beamer@framesubtitletoks=\toks31
)
(C:\Users\yeehil01\AppData\Local\Programs\MiKTeX\tex/latex/beamer\beamerbasefra
mecomponents.sty
\beamer@footins=\box69
)
(C:\Users\yeehil01\AppData\Local\Programs\MiKTeX\tex/latex/beamer\beamerbasecol
or.sty)
(C:\Users\yeehil01\AppData\Local\Programs\MiKTeX\tex/latex/beamer\beamerbasenot
es.sty
\beamer@frameboxcopy=\box70
)
(C:\Users\yeehil01\AppData\Local\Programs\MiKTeX\tex/latex/beamer\beamerbasetoc
.sty)
(C:\Users\yeehil01\AppData\Local\Programs\MiKTeX\tex/latex/beamer\beamerbasetem
plates.sty
\beamer@sbttoks=\toks32

(C:\Users\yeehil01\AppData\Local\Programs\MiKTeX\tex/latex/beamer\beamerbaseaux
templates.sty
(C:\Users\yeehil01\AppData\Local\Programs\MiKTeX\tex/latex/beamer\beamerbasebox
es.sty
\bmb@box=\box71
\bmb@colorbox=\box72
\bmb@boxwidth=\dimen272
\bmb@boxheight=\dimen273
\bmb@prevheight=\dimen274
\bmb@temp=\dimen275
\bmb@dima=\dimen276
\bmb@dimb=\dimen277
\bmb@prevheight=\dimen278
)
\beamer@blockheadheight=\dimen279
))
(C:\Users\yeehil01\AppData\Local\Programs\MiKTeX\tex/latex/beamer\beamerbaseloc
alstructure.sty
(C:\Users\yeehil01\AppData\Local\Programs\MiKTeX\tex/latex/tools\enumerate.sty
Package: enumerate 2015/07/23 v3.00 enumerate extensions (DPC)
\@enLab=\toks33
)
\beamer@bibiconwidth=\skip55
\c@figure=\count316
\c@table=\count317
\abovecaptionskip=\skip56
\belowcaptionskip=\skip57
)
(C:\Users\yeehil01\AppData\Local\Programs\MiKTeX\tex/latex/beamer\beamerbasenav
igation.sty
\beamer@section@min@dim=\dimen280
)
(C:\Users\yeehil01\AppData\Local\Programs\MiKTeX\tex/latex/beamer\beamerbasethe
orems.sty
(C:\Users\yeehil01\AppData\Local\Programs\MiKTeX\tex/latex/amsmath\amsmath.sty
Package: amsmath 2021/10/15 v2.17l AMS math features
\@mathmargin=\skip58

For additional information on amsmath, use the `?' option.
(C:\Users\yeehil01\AppData\Local\Programs\MiKTeX\tex/latex/amsmath\amstext.sty
Package: amstext 2021/08/26 v2.01 AMS text

(C:\Users\yeehil01\AppData\Local\Programs\MiKTeX\tex/latex/amsmath\amsgen.sty
File: amsgen.sty 1999/11/30 v2.0 generic functions
\@emptytoks=\toks34
\ex@=\dimen281
)) (C:\Users\yeehil01\AppData\Local\Programs\MiKTeX\tex/latex/amsmath\amsbsy.st
y
Package: amsbsy 1999/11/29 v1.2d Bold Symbols
\pmbraise@=\dimen282
) (C:\Users\yeehil01\AppData\Local\Programs\MiKTeX\tex/latex/amsmath\amsopn.sty
Package: amsopn 2021/08/26 v2.02 operator names
)
\inf@bad=\count318
LaTeX Info: Redefining \frac on input line 234.
\uproot@=\count319
\leftroot@=\count320
LaTeX Info: Redefining \overline on input line 399.
\classnum@=\count321
\DOTSCASE@=\count322
LaTeX Info: Redefining \ldots on input line 496.
LaTeX Info: Redefining \dots on input line 499.
LaTeX Info: Redefining \cdots on input line 620.
\Mathstrutbox@=\box73
\strutbox@=\box74
\big@size=\dimen283
LaTeX Font Info:    Redeclaring font encoding OML on input line 743.
LaTeX Font Info:    Redeclaring font encoding OMS on input line 744.
\macc@depth=\count323
\c@MaxMatrixCols=\count324
\dotsspace@=\muskip17
\c@parentequation=\count325
\dspbrk@lvl=\count326
\tag@help=\toks35
\row@=\count327
\column@=\count328
\maxfields@=\count329
\andhelp@=\toks36
\eqnshift@=\dimen284
\alignsep@=\dimen285
\tagshift@=\dimen286
\tagwidth@=\dimen287
\totwidth@=\dimen288
\lineht@=\dimen289
\@envbody=\toks37
\multlinegap=\skip59
\multlinetaggap=\skip60
\mathdisplay@stack=\toks38
LaTeX Info: Redefining \[ on input line 2938.
LaTeX Info: Redefining \] on input line 2939.
) (C:\Users\yeehil01\AppData\Local\Programs\MiKTeX\tex/latex/amscls\amsthm.sty
Package: amsthm 2020/05/29 v2.20.6
\thm@style=\toks39
\thm@bodyfont=\toks40
\thm@headfont=\toks41
\thm@notefont=\toks42
\thm@headpunct=\toks43
\thm@preskip=\skip61
\thm@postskip=\skip62
\thm@headsep=\skip63
\dth@everypar=\toks44
)
\c@theorem=\count330
)
(C:\Users\yeehil01\AppData\Local\Programs\MiKTeX\tex/latex/beamer\beamerbasethe
mes.sty))
(C:\Users\yeehil01\AppData\Local\Programs\MiKTeX\tex/latex/beamer\beamerthemede
fault.sty
(C:\Users\yeehil01\AppData\Local\Programs\MiKTeX\tex/latex/beamer\beamerfontthe
medefault.sty)
(C:\Users\yeehil01\AppData\Local\Programs\MiKTeX\tex/latex/beamer\beamercolorth
emedefault.sty)
(C:\Users\yeehil01\AppData\Local\Programs\MiKTeX\tex/latex/beamer\beamerinnerth
emedefault.sty
\beamer@dima=\dimen290
\beamer@dimb=\dimen291
)
(C:\Users\yeehil01\AppData\Local\Programs\MiKTeX\tex/latex/beamer\beamerouterth
emedefault.sty)))
(C:\Users\yeehil01\AppData\Local\Programs\MiKTeX\tex/latex/beamer\beamerthemeIl
menau.sty
(C:\Users\yeehil01\AppData\Local\Programs\MiKTeX\tex/latex/beamer\beamerouterth
ememiniframes.sty)
(C:\Users\yeehil01\AppData\Local\Programs\MiKTeX\tex/latex/beamer\beamercolorth
emewhale.sty)
(C:\Users\yeehil01\AppData\Local\Programs\MiKTeX\tex/latex/beamer\beamercolorth
emeorchid.sty)
(C:\Users\yeehil01\AppData\Local\Programs\MiKTeX\tex/latex/beamer\beamerinnerth
emerounded.sty))
(C:\Users\yeehil01\AppData\Local\Programs\MiKTeX\tex/latex/beamer\beamerfontthe
meserif.sty)
(C:\Users\yeehil01\AppData\Local\Programs\MiKTeX\tex/latex/natbib\natbib.sty
Package: natbib 2010/09/13 8.31b (PWD, AO)
\bibhang=\skip64
\bibsep=\skip65
LaTeX Info: Redefining \cite on input line 694.
\c@NAT@ctr=\count331
)
(C:\Users\yeehil01\AppData\Local\Programs\MiKTeX\tex/latex/tools\verbatim.sty
Package: verbatim 2020-07-07 v1.5u LaTeX2e package for verbatim enhancements
\every@verbatim=\toks45
\verbatim@line=\toks46
\verbatim@in@stream=\read3
)
(C:\Users\yeehil01\AppData\Local\Programs\MiKTeX\tex/generic/babel\babel.sty
Package: babel 2021/11/29 3.67 The Babel package
\babel@savecnt=\count332
\U@D=\dimen292
\l@unhyphenated=\language79

(C:\Users\yeehil01\AppData\Local\Programs\MiKTeX\tex/generic/babel\txtbabel.def
)
\bbl@readstream=\read4
LaTeX Info: Redefining \textlatin on input line 3972.
\bbl@dirlevel=\count333

*************************************
* Local config file bblopts.cfg used
*
(C:\Users\yeehil01\AppData\Local\Programs\MiKTeX\tex/latex/arabi\bblopts.cfg
File: bblopts.cfg 2005/09/08 v0.1 add Arabic and Farsi to "declared" options of
 babel
)
(C:\Users\yeehil01\AppData\Local\Programs\MiKTeX\tex/latex/babel-english\englis
h.ldf
Language: english 2017/06/06 v3.3r English support from the babel system
Package babel Info: Hyphen rules for 'canadian' set to \l@english
(babel)             (\language0). Reported on input line 102.
Package babel Info: Hyphen rules for 'australian' set to \l@ukenglish
(babel)             (\language73). Reported on input line 105.
Package babel Info: Hyphen rules for 'newzealand' set to \l@ukenglish
(babel)             (\language73). Reported on input line 108.
))
(C:\Users\yeehil01\AppData\Local\Programs\MiKTeX\tex/latex/textpos\textpos.sty
Package: textpos 2020/09/26 v1.10

Package: textpos 2020/09/26 1.10, absolute positioning of text on the page
Package textpos Info: choosing support for LaTeX3 on input line 61.
\TP@textbox=\box75
\TP@holdbox=\box76
\TPHorizModule=\dimen293
\TPVertModule=\dimen294
\TP@margin=\dimen295
\TP@absmargin=\dimen296
Grid set 16 x 16 = 22.7622pt x 17.07166pt
\TPboxrulesize=\dimen297
\TP@ox=\dimen298
\TP@oy=\dimen299
\TP@tbargs=\toks47
TextBlockOrigin set to 0pt x 0pt
)
(C:\Users\yeehil01\AppData\Local\Programs\MiKTeX\tex/latex/caption\caption.sty
Package: caption 2022/02/20 v3.6 Customizing captions (AR)

(C:\Users\yeehil01\AppData\Local\Programs\MiKTeX\tex/latex/caption\caption3.sty
Package: caption3 2022/01/07 v2.3 caption3 kernel (AR)
\caption@tempdima=\dimen300
\captionmargin=\dimen301
\caption@leftmargin=\dimen302
\caption@rightmargin=\dimen303
\caption@width=\dimen304
\caption@indent=\dimen305
\caption@parindent=\dimen306
\caption@hangindent=\dimen307
Package caption Info: beamer document class detected.

(C:\Users\yeehil01\AppData\Local\Programs\MiKTeX\tex/latex/caption\caption-beam
er.sto
File: caption-beamer.sto 2022/01/06 v2.0c Adaption of the caption package to th
e beamer document classes (AR)
))
\c@caption@flags=\count334
\c@continuedfloat=\count335
Package caption Info: hyperref package is loaded.
Package caption Info: Hyperref support is turned off
(caption)             because hyperref has stopped early.
)
(C:\Users\yeehil01\AppData\Local\Programs\MiKTeX\tex/latex/tcolorbox\tcolorbox.
sty
Package: tcolorbox 2021/06/14 version 4.51 text color boxes

(C:\Users\yeehil01\AppData\Local\Programs\MiKTeX\tex/latex/pgf/basiclayer\pgf.s
ty
Package: pgf 2021/05/15 v3.1.9a (3.1.9a)

(C:\Users\yeehil01\AppData\Local\Programs\MiKTeX\tex/generic/pgf/modules\pgfmod
uleshapes.code.tex
File: pgfmoduleshapes.code.tex 2021/05/15 v3.1.9a (3.1.9a)
\pgfnodeparttextbox=\box77
)
(C:\Users\yeehil01\AppData\Local\Programs\MiKTeX\tex/generic/pgf/modules\pgfmod
uleplot.code.tex
File: pgfmoduleplot.code.tex 2021/05/15 v3.1.9a (3.1.9a)
)
(C:\Users\yeehil01\AppData\Local\Programs\MiKTeX\tex/latex/pgf/compatibility\pg
fcomp-version-0-65.sty
Package: pgfcomp-version-0-65 2021/05/15 v3.1.9a (3.1.9a)
\pgf@nodesepstart=\dimen308
\pgf@nodesepend=\dimen309
)
(C:\Users\yeehil01\AppData\Local\Programs\MiKTeX\tex/latex/pgf/compatibility\pg
fcomp-version-1-18.sty
Package: pgfcomp-version-1-18 2021/05/15 v3.1.9a (3.1.9a)
))
(C:\Users\yeehil01\AppData\Local\Programs\MiKTeX\tex/latex/environ\environ.sty
Package: environ 2014/05/04 v0.3 A new way to define environments

(C:\Users\yeehil01\AppData\Local\Programs\MiKTeX\tex/latex/trimspaces\trimspace
s.sty
Package: trimspaces 2009/09/17 v1.1 Trim spaces around a token list
))
\tcb@titlebox=\box78
\tcb@upperbox=\box79
\tcb@lowerbox=\box80
\tcb@phantombox=\box81
\c@tcbbreakpart=\count336
\c@tcblayer=\count337
\c@tcolorbox@number=\count338
\tcb@temp=\box82
\tcb@temp=\box83
\tcb@temp=\box84
\tcb@temp=\box85
)
(C:\Users\yeehil01\AppData\Local\Programs\MiKTeX\tex/latex/tipa\tipa.sty
Package: tipa 2002/08/08 TIPA version 1.1

(C:\Users\yeehil01\AppData\Local\Programs\MiKTeX\tex/latex/base\fontenc.sty
Package: fontenc 2021/04/29 v2.0v Standard LaTeX package

(C:\Users\yeehil01\AppData\Local\Programs\MiKTeX\tex/latex/tipa\t3enc.def
File: t3enc.def 2001/12/31 T3 encoding
Now handling font encoding T3 ...
... no UTF-8 mapping file for font encoding T3
)))
(C:\Users\yeehil01\AppData\Local\Programs\MiKTeX\tex/latex/booktabs\booktabs.st
y
Package: booktabs 2020/01/12 v1.61803398 Publication quality tables
\heavyrulewidth=\dimen310
\lightrulewidth=\dimen311
\cmidrulewidth=\dimen312
\belowrulesep=\dimen313
\belowbottomsep=\dimen314
\aboverulesep=\dimen315
\abovetopsep=\dimen316
\cmidrulesep=\dimen317
\cmidrulekern=\dimen318
\defaultaddspace=\dimen319
\@cmidla=\count339
\@cmidlb=\count340
\@aboverulesep=\dimen320
\@belowrulesep=\dimen321
\@thisruleclass=\count341
\@lastruleclass=\count342
\@thisrulewidth=\dimen322
)
(C:\Users\yeehil01\AppData\Local\Programs\MiKTeX\tex/latex/siunitx\siunitx.sty
Package: siunitx 2022-02-15 v3.0.49 A comprehensive (SI) units package
\l__siunitx_angle_tmp_dim=\dimen323
\l__siunitx_angle_marker_box=\box86
\l__siunitx_angle_unit_box=\box87
\l__siunitx_compound_count_int=\count343

(C:\Users\yeehil01\AppData\Local\Programs\MiKTeX\tex/latex/translations\transla
tions.sty
Package: translations 2022/02/05 v1.12 internationalization of LaTeX2e packages
 (CN)
)
\l__siunitx_number_exponent_fixed_int=\count344
\l__siunitx_number_min_decimal_int=\count345
\l__siunitx_number_min_integer_int=\count346
\l__siunitx_number_round_precision_int=\count347
\l__siunitx_number_group_minimum_int=\count348
\l__siunitx_table_tmp_box=\box88
\l__siunitx_table_tmp_dim=\dimen324
\l__siunitx_table_column_width_dim=\dimen325
\l__siunitx_table_integer_box=\box89
\l__siunitx_table_decimal_box=\box90
\l__siunitx_table_before_box=\box91
\l__siunitx_table_after_box=\box92
\l__siunitx_table_before_dim=\dimen326
\l__siunitx_table_carry_dim=\dimen327
\l__siunitx_unit_tmp_int=\count349
\l__siunitx_unit_position_int=\count350
\l__siunitx_unit_total_int=\count351

(C:\Users\yeehil01\AppData\Local\Programs\MiKTeX\tex/latex/l3packages/l3keys2e\
l3keys2e.sty
(C:\Users\yeehil01\AppData\Local\Programs\MiKTeX\tex/latex/l3kernel\expl3.sty
Package: expl3 2021-11-22 L3 programming layer (loader) 

(C:\Users\yeehil01\AppData\Local\Programs\MiKTeX\tex/latex/l3backend\l3backend-
pdftex.def
File: l3backend-pdftex.def 2021-10-18 L3 backend support: PDF output (pdfTeX)
\l__color_backend_stack_int=\count352
\l__pdf_internal_box=\box93
))
Package: l3keys2e 2021-11-12 LaTeX2e option processing using LaTeX3 keys
)
(C:\Users\yeehil01\AppData\Local\Programs\MiKTeX\tex/latex/tools\array.sty
Package: array 2021/10/04 v2.5f Tabular extension package (FMi)
\col@sep=\dimen328
\ar@mcellbox=\box94
\extrarowheight=\dimen329
\NC@list=\toks48
\extratabsurround=\skip66
\backup@length=\skip67
\ar@cellbox=\box95
))
(C:\Users\yeehil01\AppData\Local\Programs\MiKTeX\tex/latex/adjustbox\adjustbox.
sty
Package: adjustbox 2020/08/19 v1.3 Adjusting TeX boxes (trim, clip, ...)

(C:\Users\yeehil01\AppData\Local\Programs\MiKTeX\tex/latex/xkeyval\xkeyval.sty
Package: xkeyval 2020/11/20 v2.8 package option processing (HA)

(C:\Users\yeehil01\AppData\Local\Programs\MiKTeX\tex/generic/xkeyval\xkeyval.te
x
(C:\Users\yeehil01\AppData\Local\Programs\MiKTeX\tex/generic/xkeyval\xkvutils.t
ex
\XKV@toks=\toks49
\XKV@tempa@toks=\toks50
)
\XKV@depth=\count353
File: xkeyval.tex 2014/12/03 v2.7a key=value parser (HA)
))
(C:\Users\yeehil01\AppData\Local\Programs\MiKTeX\tex/latex/adjustbox\adjcalc.st
y
Package: adjcalc 2012/05/16 v1.1 Provides advanced setlength with multiple back
-ends (calc, etex, pgfmath)
)
(C:\Users\yeehil01\AppData\Local\Programs\MiKTeX\tex/latex/adjustbox\trimclip.s
ty
Package: trimclip 2020/08/19 v1.2 Trim and clip general TeX material

(C:\Users\yeehil01\AppData\Local\Programs\MiKTeX\tex/latex/collectbox\collectbo
x.sty
Package: collectbox 2012/05/17 v0.4b Collect macro arguments as boxes
\collectedbox=\box96
)
\tc@llx=\dimen330
\tc@lly=\dimen331
\tc@urx=\dimen332
\tc@ury=\dimen333
Package trimclip Info: Using driver 'tc-pdftex.def'.

(C:\Users\yeehil01\AppData\Local\Programs\MiKTeX\tex/latex/adjustbox\tc-pdftex.
def
File: tc-pdftex.def 2019/01/04 v2.2 Clipping driver for pdftex
))
\adjbox@Width=\dimen334
\adjbox@Height=\dimen335
\adjbox@Depth=\dimen336
\adjbox@Totalheight=\dimen337
\adjbox@pwidth=\dimen338
\adjbox@pheight=\dimen339
\adjbox@pdepth=\dimen340
\adjbox@ptotalheight=\dimen341

(C:\Users\yeehil01\AppData\Local\Programs\MiKTeX\tex/latex/ifoddpage\ifoddpage.
sty
Package: ifoddpage 2016/04/23 v1.1 Conditionals for odd/even page detection
\c@checkoddpage=\count354
)
(C:\Users\yeehil01\AppData\Local\Programs\MiKTeX\tex/latex/varwidth\varwidth.st
y
Package: varwidth 2009/03/30 ver 0.92;  Variable-width minipages
\@vwid@box=\box97
\sift@deathcycles=\count355
\@vwid@loff=\dimen342
\@vwid@roff=\dimen343
))
(C:\Users\yeehil01\AppData\Local\Programs\MiKTeX\tex/latex/setspace\setspace.st
y
Package: setspace 2011/12/19 v6.7a set line spacing
) (C:\Users\yeehil01\AppData\Local\Programs\MiKTeX\tex/latex/lipsum\lipsum.sty
Package: lipsum 2021-09-20 v2.7 150 paragraphs of Lorem Ipsum dummy text
\g__lipsum_par_int=\count356
\l__lipsum_a_int=\count357
\l__lipsum_b_int=\count358

(C:\Users\yeehil01\AppData\Local\Programs\MiKTeX\tex/latex/lipsum\lipsum.ltd.te
x))
(C:\Users\yeehil01\AppData\Local\Programs\MiKTeX\tex/latex/physics\physics.sty
Package: physics 

(C:\Users\yeehil01\AppData\Local\Programs\MiKTeX\tex/latex/l3packages/xparse\xp
arse.sty
Package: xparse 2021-11-12 L3 Experimental document command parser
))
(C:\Users\yeehil01\AppData\Local\Programs\MiKTeX\tex/latex/qrcode\qrcode.sty
Package: qrcode 2015/01/08 v1.51 QR code generation
\c@qr@i=\count359
\c@qr@j=\count360
\qr@a=\count361
\qr@b=\count362
\qr@c=\count363
\qr@for@depth=\count364
\qr@for@maxdepth=\count365
\qr@for@start=\count366
\qr@for@end=\count367
\qr@for@step=\count368
\qr@newforcount=\count369
\qr@newforcount=\count370
\qr@desiredheight=\skip68
\qr@modulesize=\skip69
\qr@minipagewidth=\skip70
\c@maski=\count371
\c@maskj=\count372
\c@totalones=\count373
\c@penaltyi=\count374
\c@penaltyii=\count375
\c@penaltyiii=\count376
\c@penaltyiv=\count377
\c@qr@hexchars=\count378
\qr@newforcount=\count379
\c@qr@divisionsremaining=\count380
)
(C:\Users\yeehil01\AppData\Local\Programs\MiKTeX\tex/latex/media9\media9.sty
Package: media9 2021/10/18 v1.23 acrobat-9/X compatible media
\g_mix_pkgresizeflag_int=\count381

(C:\Users\yeehil01\AppData\Local\Programs\MiKTeX\tex/latex/media9\pdfbase.sty
Package: pdfbase 2021/09/12 v0.53 driver independent access to low-level PDF fe
atures
\g_pbs_page_int=\count382
\g_pbs_oc_int=\count383
)
(C:\Users\yeehil01\AppData\Local\Programs\MiKTeX\tex/latex/ocgx2\ocgbase.sty
Package: ocgbase 2021/06/11 v0.20 support package for ocgx2.sty
\g_ocgbase_nd_int=\count384
)
\l_mix_poster_box=\box98
\g_mix_wd_dim=\dimen344
\g_mix_ht_dim=\dimen345
\g_mix_dp_dim=\dimen346
\g_mix_rmcnt_int=\count385
\l_mix_viewcnt_int=\count386
\g@mix@page@int=\count387
\g_mix_resizeflag_int=\count388
\l_mix_lineno_int=\count389
\l_mix_pbtn_box=\box99
\g_mix_mbtncnt_int=\count390
\mix@btn@dim=\dimen347
)
(aasmacros.sty)
(C:\Users\yeehil01\AppData\Local\Programs\MiKTeX\tex/latex/beamer\multimedia.st
y
Package: multimedia 2012/05/02 ver 0.02
 (C:\Users\yeehil01\AppData\Local\Programs\MiKTeX\tex/generic/iftex\ifpdf.sty
Package: ifpdf 2019/10/25 v3.4 ifpdf legacy package. Use iftex instead.
)
\mm@movie=\count391
)
(C:\Users\yeehil01\AppData\Local\Programs\MiKTeX\tex/latex/sidecap\sidecap.sty
Package: sidecap 2003/06/06 v1.6f SideCap Package (RN/HjG)

(C:\Users\yeehil01\AppData\Local\Programs\MiKTeX\tex/latex/base\ifthen.sty
Package: ifthen 2020/11/24 v1.1c Standard LaTeX ifthen package (DPC)
)
\SC@BOXWD=\dimen348
\SC@CAPWD=\dimen349
\SC@tempdima=\dimen350
\SC@tempdimb=\dimen351
\c@SC@C=\count392
\SC@BOX=\box100
)
(C:\Users\yeehil01\AppData\Local\Programs\MiKTeX\tex/latex/pgf/frontendlayer\ti
kz.sty
(C:\Users\yeehil01\AppData\Local\Programs\MiKTeX\tex/latex/pgf/utilities\pgffor
.sty
(C:\Users\yeehil01\AppData\Local\Programs\MiKTeX\tex/generic/pgf/utilities\pgff
or.code.tex
Package: pgffor 2021/05/15 v3.1.9a (3.1.9a)

(C:\Users\yeehil01\AppData\Local\Programs\MiKTeX\tex/generic/pgf/math\pgfmath.c
ode.tex)
\pgffor@iter=\dimen352
\pgffor@skip=\dimen353
\pgffor@stack=\toks51
\pgffor@toks=\toks52
))
(C:\Users\yeehil01\AppData\Local\Programs\MiKTeX\tex/generic/pgf/frontendlayer/
tikz\tikz.code.tex
Package: tikz 2021/05/15 v3.1.9a (3.1.9a)

(C:\Users\yeehil01\AppData\Local\Programs\MiKTeX\tex/generic/pgf/libraries\pgfl
ibraryplothandlers.code.tex
File: pgflibraryplothandlers.code.tex 2021/05/15 v3.1.9a (3.1.9a)
\pgf@plot@mark@count=\count393
\pgfplotmarksize=\dimen354
)
\tikz@lastx=\dimen355
\tikz@lasty=\dimen356
\tikz@lastxsaved=\dimen357
\tikz@lastysaved=\dimen358
\tikz@lastmovetox=\dimen359
\tikz@lastmovetoy=\dimen360
\tikzleveldistance=\dimen361
\tikzsiblingdistance=\dimen362
\tikz@figbox=\box101
\tikz@figbox@bg=\box102
\tikz@tempbox=\box103
\tikz@tempbox@bg=\box104
\tikztreelevel=\count394
\tikznumberofchildren=\count395
\tikznumberofcurrentchild=\count396
\tikz@fig@count=\count397

(C:\Users\yeehil01\AppData\Local\Programs\MiKTeX\tex/generic/pgf/modules\pgfmod
ulematrix.code.tex
File: pgfmodulematrix.code.tex 2021/05/15 v3.1.9a (3.1.9a)
\pgfmatrixcurrentrow=\count398
\pgfmatrixcurrentcolumn=\count399
\pgf@matrix@numberofcolumns=\count400
)
\tikz@expandcount=\count401

(C:\Users\yeehil01\AppData\Local\Programs\MiKTeX\tex/generic/pgf/frontendlayer/
tikz/libraries\tikzlibrarytopaths.code.tex
File: tikzlibrarytopaths.code.tex 2021/05/15 v3.1.9a (3.1.9a)
)))
(C:\Users\yeehil01\AppData\Local\Programs\MiKTeX\tex/generic/pgf/frontendlayer/
tikz/libraries\tikzlibraryarrows.code.tex
File: tikzlibraryarrows.code.tex 2021/05/15 v3.1.9a (3.1.9a)

(C:\Users\yeehil01\AppData\Local\Programs\MiKTeX\tex/generic/pgf/libraries\pgfl
ibraryarrows.code.tex
File: pgflibraryarrows.code.tex 2021/05/15 v3.1.9a (3.1.9a)
\arrowsize=\dimen363
))
(C:\Users\yeehil01\AppData\Local\Programs\MiKTeX\tex/generic/pgf/frontendlayer/
tikz/libraries\tikzlibrarypositioning.code.tex
File: tikzlibrarypositioning.code.tex 2021/05/15 v3.1.9a (3.1.9a)
)
(C:\Users\yeehil01\AppData\Local\Programs\MiKTeX\tex/latex/listings\listings.st
y
\lst@mode=\count402
\lst@gtempboxa=\box105
\lst@token=\toks53
\lst@length=\count403
\lst@currlwidth=\dimen364
\lst@column=\count404
\lst@pos=\count405
\lst@lostspace=\dimen365
\lst@width=\dimen366
\lst@newlines=\count406
\lst@lineno=\count407
\lst@maxwidth=\dimen367

(C:\Users\yeehil01\AppData\Local\Programs\MiKTeX\tex/latex/listings\lstmisc.sty
File: lstmisc.sty 2020/03/24 1.8d (Carsten Heinz)
\c@lstnumber=\count408
\lst@skipnumbers=\count409
\lst@framebox=\box106
)
(C:\Users\yeehil01\AppData\Local\Programs\MiKTeX\tex/latex/listings\listings.cf
g
File: listings.cfg 2020/03/24 1.8d listings configuration
))
Package: listings 2020/03/24 1.8d (Carsten Heinz)
 (C:\Users\yeehil01\AppData\Local\Programs\MiKTeX\tex/latex/tools\xspace.sty
Package: xspace 2014/10/28 v1.13 Space after command names (DPC,MH)
) (PHS_presentation.aux)
\openout1 = `PHS_presentation.aux'.

LaTeX Font Info:    Checking defaults for OML/cmm/m/it on input line 195.
LaTeX Font Info:    ... okay on input line 195.
LaTeX Font Info:    Checking defaults for OMS/cmsy/m/n on input line 195.
LaTeX Font Info:    ... okay on input line 195.
LaTeX Font Info:    Checking defaults for OT1/cmr/m/n on input line 195.
LaTeX Font Info:    ... okay on input line 195.
LaTeX Font Info:    Checking defaults for T1/cmr/m/n on input line 195.
LaTeX Font Info:    ... okay on input line 195.
LaTeX Font Info:    Checking defaults for TS1/cmr/m/n on input line 195.
LaTeX Font Info:    ... okay on input line 195.
LaTeX Font Info:    Checking defaults for OMX/cmex/m/n on input line 195.
LaTeX Font Info:    ... okay on input line 195.
LaTeX Font Info:    Checking defaults for U/cmr/m/n on input line 195.
LaTeX Font Info:    ... okay on input line 195.
LaTeX Font Info:    Checking defaults for PD1/pdf/m/n on input line 195.
LaTeX Font Info:    ... okay on input line 195.
LaTeX Font Info:    Checking defaults for PU/pdf/m/n on input line 195.
LaTeX Font Info:    ... okay on input line 195.
LaTeX Font Info:    Checking defaults for T3/cmr/m/n on input line 195.
LaTeX Font Info:    Trying to load font information for T3+cmr on input line 19
5.

(C:\Users\yeehil01\AppData\Local\Programs\MiKTeX\tex/latex/tipa\t3cmr.fd
File: t3cmr.fd 2001/12/31 TIPA font definitions
)
LaTeX Font Info:    ... okay on input line 195.

*geometry* driver: auto-detecting
*geometry* detected driver: pdftex
*geometry* verbose mode - [ preamble ] result:
* driver: pdftex
* paper: custom
* layout: <same size as paper>
* layoutoffset:(h,v)=(0.0pt,0.0pt)
* modes: includehead includefoot 
* h-part:(L,W,R)=(28.45274pt, 307.28987pt, 28.45274pt)
* v-part:(T,H,B)=(0.0pt, 273.14662pt, 0.0pt)
* \paperwidth=364.19536pt
* \paperheight=273.14662pt
* \textwidth=307.28987pt
* \textheight=244.6939pt
* \oddsidemargin=-43.81725pt
* \evensidemargin=-43.81725pt
* \topmargin=-72.26999pt
* \headheight=14.22636pt
* \headsep=0.0pt
* \topskip=11.0pt
* \footskip=14.22636pt
* \marginparwidth=4.0pt
* \marginparsep=10.0pt
* \columnsep=10.0pt
* \skip\footins=10.0pt plus 4.0pt minus 2.0pt
* \hoffset=0.0pt
* \voffset=0.0pt
* \mag=1000
* \@twocolumnfalse
* \@twosidefalse
* \@mparswitchfalse
* \@reversemarginfalse
* (1in=72.27pt=25.4mm, 1cm=28.453pt)


(C:\Users\yeehil01\AppData\Local\Programs\MiKTeX\tex/context/base/mkii\supp-pdf
.mkii
[Loading MPS to PDF converter (version 2006.09.02).]
\scratchcounter=\count410
\scratchdimen=\dimen368
\scratchbox=\box107
\nofMPsegments=\count411
\nofMParguments=\count412
\everyMPshowfont=\toks54
\MPscratchCnt=\count413
\MPscratchDim=\dimen369
\MPnumerator=\count414
\makeMPintoPDFobject=\count415
\everyMPtoPDFconversion=\toks55
)
(C:\Users\yeehil01\AppData\Local\Programs\MiKTeX\tex/latex/epstopdf-pkg\epstopd
f-base.sty
Package: epstopdf-base 2020-01-24 v2.11 Base part for package epstopdf
Package epstopdf-base Info: Redefining graphics rule for `.eps' on input line 4
85.

(C:\Users\yeehil01\AppData\Local\Programs\MiKTeX\tex/latex/00miktex\epstopdf-sy
s.cfg
File: epstopdf-sys.cfg 2021/03/18 v2.0 Configuration of epstopdf for MiKTeX
))
Package hyperref Info: Link coloring ON on input line 195.

(C:\Users\yeehil01\AppData\Local\Programs\MiKTeX\tex/latex/hyperref\nameref.sty
Package: nameref 2021-04-02 v2.47 Cross-referencing by name of section

(C:\Users\yeehil01\AppData\Local\Programs\MiKTeX\tex/latex/refcount\refcount.st
y
Package: refcount 2019/12/15 v3.6 Data extraction from label references (HO)
)
(C:\Users\yeehil01\AppData\Local\Programs\MiKTeX\tex/generic/gettitlestring\get
titlestring.sty
Package: gettitlestring 2019/12/15 v1.6 Cleanup title references (HO)
)
\c@section@level=\count416
)
LaTeX Info: Redefining \ref on input line 195.
LaTeX Info: Redefining \pageref on input line 195.
LaTeX Info: Redefining \nameref on input line 195.
 (PHS_presentation.out) (PHS_presentation.out)
\@outlinefile=\write5
\openout5 = `PHS_presentation.out'.


(C:\Users\yeehil01\AppData\Local\Programs\MiKTeX\tex/latex/translator\translato
r-basic-dictionary-English.dict
Dictionary: translator-basic-dictionary, Language: English 
)
(C:\Users\yeehil01\AppData\Local\Programs\MiKTeX\tex/latex/translator\translato
r-bibliography-dictionary-English.dict
Dictionary: translator-bibliography-dictionary, Language: English 
)
(C:\Users\yeehil01\AppData\Local\Programs\MiKTeX\tex/latex/translator\translato
r-environment-dictionary-English.dict
Dictionary: translator-environment-dictionary, Language: English 
)
(C:\Users\yeehil01\AppData\Local\Programs\MiKTeX\tex/latex/translator\translato
r-months-dictionary-English.dict
Dictionary: translator-months-dictionary, Language: English 
)
(C:\Users\yeehil01\AppData\Local\Programs\MiKTeX\tex/latex/translator\translato
r-numbers-dictionary-English.dict
Dictionary: translator-numbers-dictionary, Language: English 
)
(C:\Users\yeehil01\AppData\Local\Programs\MiKTeX\tex/latex/translator\translato
r-theorem-dictionary-English.dict
Dictionary: translator-theorem-dictionary, Language: English 
)
Package caption Info: Begin \AtBeginDocument code.
Package caption Info: listings package is loaded.
Package caption Info: sidecap package is loaded.
Package caption Info: End \AtBeginDocument code.

(C:\Users\yeehil01\AppData\Local\Programs\MiKTeX\tex/latex/translations/dicts\t
ranslations-basic-dictionary-english.trsl
File: translations-basic-dictionary-english.trsl (english translation file `tra
nslations-basic-dictionary')
)
Package translations Info: loading dictionary `translations-basic-dictionary' f
or `english'. on input line 195.

(C:\Users\yeehil01\AppData\Local\Programs\MiKTeX\tex/latex/ragged2e\ragged2e.st
y
Package: ragged2e 2021/02/05 v3.0 ragged2e Package
\CenteringLeftskip=\skip71
\RaggedLeftLeftskip=\skip72
\RaggedRightLeftskip=\skip73
\CenteringRightskip=\skip74
\RaggedLeftRightskip=\skip75
\RaggedRightRightskip=\skip76
\CenteringParfillskip=\skip77
\RaggedLeftParfillskip=\skip78
\RaggedRightParfillskip=\skip79
\JustifyingParfillskip=\skip80
\CenteringParindent=\skip81
\RaggedLeftParindent=\skip82
\RaggedRightParindent=\skip83
\JustifyingParindent=\skip84
)
\c@lstlisting=\count417
 (PHS_presentation.nav)
LaTeX Font Info:    Trying to load font information for U+msa on input line 205
.

(C:\Users\yeehil01\AppData\Local\Programs\MiKTeX\tex/latex/amsfonts\umsa.fd
File: umsa.fd 2013/01/14 v3.01 AMS symbols A
)
LaTeX Font Info:    Trying to load font information for U+msb on input line 205
.

(C:\Users\yeehil01\AppData\Local\Programs\MiKTeX\tex/latex/amsfonts\umsb.fd
File: umsb.fd 2013/01/14 v3.01 AMS symbols B
)
<PHS logo positive.png, id=61, 2068.72874pt x 746.79pt>
File: PHS logo positive.png Graphic file (type png)
<use PHS logo positive.png>
Package pdftex.def Info: PHS logo positive.png  used on input line 205.
(pdftex.def)             Requested size: 113.76465pt x 41.06787pt.

[1{C:/Users/yeehil01/AppData/Local/MiKTeX/fonts/map/pdftex/pdftex.map}

 <./PHS logo positive.png>]
File: PHS logo positive.png Graphic file (type png)
<use PHS logo positive.png>
Package pdftex.def Info: PHS logo positive.png  used on input line 224.
(pdftex.def)             Requested size: 62.05917pt x 22.40273pt.
 [2

]
File: PHS logo positive.png Graphic file (type png)
<use PHS logo positive.png>
Package pdftex.def Info: PHS logo positive.png  used on input line 240.
(pdftex.def)             Requested size: 62.05917pt x 22.40273pt.
 [3

]
File: PHS logo positive.png Graphic file (type png)
<use PHS logo positive.png>
Package pdftex.def Info: PHS logo positive.png  used on input line 253.
(pdftex.def)             Requested size: 62.05917pt x 22.40273pt.
 [4

]
<districtcolumns.png, id=219, 589.70313pt x 151.56625pt>
File: districtcolumns.png Graphic file (type png)
<use districtcolumns.png>
Package pdftex.def Info: districtcolumns.png  used on input line 263.
(pdftex.def)             Requested size: 294.85083pt x 75.78293pt.
File: PHS logo positive.png Graphic file (type png)
<use PHS logo positive.png>
Package pdftex.def Info: PHS logo positive.png  used on input line 263.
(pdftex.def)             Requested size: 62.05917pt x 22.40273pt.
 [5

 <./districtcolumns.png>]
File: PHS logo positive.png Graphic file (type png)
<use PHS logo positive.png>
Package pdftex.def Info: PHS logo positive.png  used on input line 275.
(pdftex.def)             Requested size: 62.05917pt x 22.40273pt.
 [6

]
File: PHS logo positive.png Graphic file (type png)
<use PHS logo positive.png>
Package pdftex.def Info: PHS logo positive.png  used on input line 284.
(pdftex.def)             Requested size: 62.05917pt x 22.40273pt.
 [7

]
File: PHS logo positive.png Graphic file (type png)
<use PHS logo positive.png>
Package pdftex.def Info: PHS logo positive.png  used on input line 294.
(pdftex.def)             Requested size: 62.05917pt x 22.40273pt.
 [8

]
File: PHS logo positive.png Graphic file (type png)
<use PHS logo positive.png>
Package pdftex.def Info: PHS logo positive.png  used on input line 317.
(pdftex.def)             Requested size: 62.05917pt x 22.40273pt.
 [9

]
File: PHS logo positive.png Graphic file (type png)
<use PHS logo positive.png>
Package pdftex.def Info: PHS logo positive.png  used on input line 344.
(pdftex.def)             Requested size: 62.05917pt x 22.40273pt.

[10

]
\openout4 = `PHS_presentation.vrb'.

 (PHS_presentation.vrb
(C:\Users\yeehil01\AppData\Local\Programs\MiKTeX\tex/latex/listings\lstlang1.st
y
File: lstlang1.sty 2020/03/24 1.8d listings language file
))
File: PHS logo positive.png Graphic file (type png)
<use PHS logo positive.png>
Package pdftex.def Info: PHS logo positive.png  used on input line 355.
(pdftex.def)             Requested size: 62.05917pt x 22.40273pt.
 [11

]
\openout4 = `PHS_presentation.vrb'.

 (PHS_presentation.vrb)
File: PHS logo positive.png Graphic file (type png)
<use PHS logo positive.png>
Package pdftex.def Info: PHS logo positive.png  used on input line 365.
(pdftex.def)             Requested size: 62.05917pt x 22.40273pt.
 [12

]
\openout4 = `PHS_presentation.vrb'.

 (PHS_presentation.vrb)
File: PHS logo positive.png Graphic file (type png)
<use PHS logo positive.png>
Package pdftex.def Info: PHS logo positive.png  used on input line 376.
(pdftex.def)             Requested size: 62.05917pt x 22.40273pt.
 [13

]
<geography_test.pdf, id=485, 388.29655pt x 250.57834pt>
File: geography_test.pdf Graphic file (type pdf)
<use geography_test.pdf>
Package pdftex.def Info: geography_test.pdf  used on input line 399.
(pdftex.def)             Requested size: 194.1478pt x 125.28885pt.

Overfull \hbox (4.55153pt too wide) detected at line 399
[][][] $[]$[][][][][][][][] $[]$[][][][][][] 
 []

File: PHS logo positive.png Graphic file (type png)
<use PHS logo positive.png>
Package pdftex.def Info: PHS logo positive.png  used on input line 399.
(pdftex.def)             Requested size: 62.05917pt x 22.40273pt.
[14

 <./geography_test.pdf>]
\openout4 = `PHS_presentation.vrb'.

 (PHS_presentation.vrb)
File: PHS logo positive.png Graphic file (type png)
<use PHS logo positive.png>
Package pdftex.def Info: PHS logo positive.png  used on input line 418.
(pdftex.def)             Requested size: 62.05917pt x 22.40273pt.
 [15

]
<geography_dissolved.pdf, id=555, 381.85149pt x 250.57834pt>
File: geography_dissolved.pdf Graphic file (type pdf)
<use geography_dissolved.pdf>
Package pdftex.def Info: geography_dissolved.pdf  used on input line 428.
(pdftex.def)             Requested size: 229.11264pt x 150.34814pt.
File: PHS logo positive.png Graphic file (type png)
<use PHS logo positive.png>
Package pdftex.def Info: PHS logo positive.png  used on input line 428.
(pdftex.def)             Requested size: 62.05917pt x 22.40273pt.
 [16

 <./geography_dissolved.pdf>]

pdfTeX warning: pdflatex (file ./Map.pdf): PDF inclusion: found PDF version <1.
7>, but at most version <1.5> allowed
<Map.pdf, id=592, 1097.09875pt x 661.47125pt>
File: Map.pdf Graphic file (type pdf)
<use Map.pdf>
Package pdftex.def Info: Map.pdf  used on input line 438.
(pdftex.def)             Requested size: 252.32741pt x 152.13518pt.

Overfull \vbox (0.14864pt too high) detected at line 438
 []

File: PHS logo positive.png Graphic file (type png)
<use PHS logo positive.png>
Package pdftex.def Info: PHS logo positive.png  used on input line 438.
(pdftex.def)             Requested size: 62.05917pt x 22.40273pt.
[17

 <./Map.pdf>]
File: PHS logo positive.png Graphic file (type png)
<use PHS logo positive.png>
Package pdftex.def Info: PHS logo positive.png  used on input line 456.
(pdftex.def)             Requested size: 62.05917pt x 22.40273pt.
 [18

] (PHS_presentation.bbl)
File: PHS logo positive.png Graphic file (type png)
<use PHS logo positive.png>
Package pdftex.def Info: PHS logo positive.png  used on input line 474.
(pdftex.def)             Requested size: 62.05917pt x 22.40273pt.
 [19

]
\tf@nav=\write6
\openout6 = `PHS_presentation.nav'.

\tf@toc=\write7
\openout7 = `PHS_presentation.toc'.

\tf@snm=\write8
\openout8 = `PHS_presentation.snm'.

 (PHS_presentation.aux)
Package rerunfilecheck Info: File `PHS_presentation.out' has not changed.
(rerunfilecheck)             Checksum: 47A6D2D4743DE689DB9F43E7B9740324;518.
 ) 
Here is how much of TeX's memory you used:
 41323 strings out of 478659
 857284 string characters out of 2844498
 1391734 words of memory out of 3000000
 58656 multiletter control sequences out of 15000+600000
 413077 words of font info for 65 fonts, out of 8000000 for 9000
 1141 hyphenation exceptions out of 8191
 128i,19n,122p,2581b,1698s stack positions out of 5000i,500n,10000p,200000b,80000s
<C:/Users/yeehil01/AppData/Local/Programs/MiKTeX/fonts/type1/public/amsfonts/
cm/cmbx8.pfb><C:/Users/yeehil01/AppData/Local/Programs/MiKTeX/fonts/type1/publi
c/amsfonts/cm/cmcsc10.pfb><C:/Users/yeehil01/AppData/Local/Programs/MiKTeX/font
s/type1/public/amsfonts/cm/cmr10.pfb><C:/Users/yeehil01/AppData/Local/Programs/
MiKTeX/fonts/type1/public/amsfonts/cm/cmr12.pfb><C:/Users/yeehil01/AppData/Loca
l/Programs/MiKTeX/fonts/type1/public/amsfonts/cm/cmr6.pfb><C:/Users/yeehil01/Ap
pData/Local/Programs/MiKTeX/fonts/type1/public/amsfonts/cm/cmr8.pfb><C:/Users/y
eehil01/AppData/Local/Programs/MiKTeX/fonts/type1/public/amsfonts/cm/cmss10.pfb
><C:/Users/yeehil01/AppData/Local/Programs/MiKTeX/fonts/type1/public/amsfonts/c
m/cmsy10.pfb><C:/Users/yeehil01/AppData/Local/Programs/MiKTeX/fonts/type1/publi
c/amsfonts/cm/cmtt10.pfb><C:/Users/yeehil01/AppData/Local/Programs/MiKTeX/fonts
/type1/public/amsfonts/cm/cmtt12.pfb><C:/Users/yeehil01/AppData/Local/Programs/
MiKTeX/fonts/type1/public/amsfonts/cm/cmtt8.pfb><C:/Users/yeehil01/AppData/Loca
l/Programs/MiKTeX/fonts/type1/public/amsfonts/cm/cmtt9.pfb>
Output written on PHS_presentation.pdf (19 pages, 1392488 bytes).
PDF statistics:
 795 PDF objects out of 1000 (max. 8388607)
 47 named destinations out of 1000 (max. 500000)
 132 words of extra memory for PDF output out of 10000 (max. 10000000)

